TN:
SF:src-ts/core/cache-manager.ts
FN:19,(anonymous_0)
FN:24,(anonymous_1)
FN:55,(anonymous_2)
FN:98,(anonymous_3)
FN:116,(anonymous_4)
FN:121,(anonymous_5)
FN:137,(anonymous_6)
FN:145,(anonymous_7)
FN:168,(anonymous_8)
FN:175,(anonymous_9)
FN:182,(anonymous_10)
FN:195,(anonymous_11)
FN:216,(anonymous_12)
FN:223,(anonymous_13)
FN:232,(anonymous_14)
FN:239,(anonymous_15)
FN:255,(anonymous_16)
FN:266,(anonymous_17)
FN:273,(anonymous_18)
FN:298,(anonymous_19)
FN:302,(anonymous_20)
FN:332,(anonymous_21)
FN:338,(anonymous_22)
FN:363,(anonymous_23)
FN:368,(anonymous_24)
FN:386,(anonymous_25)
FNF:26
FNH:24
FNDA:92,(anonymous_0)
FNDA:58,(anonymous_1)
FNDA:174,(anonymous_2)
FNDA:10,(anonymous_3)
FNDA:0,(anonymous_4)
FNDA:0,(anonymous_5)
FNDA:4,(anonymous_6)
FNDA:2,(anonymous_7)
FNDA:9,(anonymous_8)
FNDA:17,(anonymous_9)
FNDA:6,(anonymous_10)
FNDA:19,(anonymous_11)
FNDA:3,(anonymous_12)
FNDA:16,(anonymous_13)
FNDA:248,(anonymous_14)
FNDA:18,(anonymous_15)
FNDA:59,(anonymous_16)
FNDA:1,(anonymous_17)
FNDA:1,(anonymous_18)
FNDA:15,(anonymous_19)
FNDA:5,(anonymous_20)
FNDA:1,(anonymous_21)
FNDA:3,(anonymous_22)
FNDA:1,(anonymous_23)
FNDA:2,(anonymous_24)
FNDA:1,(anonymous_25)
DA:14,5
DA:15,92
DA:16,92
DA:17,92
DA:19,92
DA:25,58
DA:26,58
DA:32,58
DA:33,58
DA:35,58
DA:37,57
DA:39,57
DA:40,57
DA:42,1
DA:43,1
DA:48,1
DA:56,174
DA:57,174
DA:58,174
DA:60,174
DA:61,151
DA:62,151
DA:65,23
DA:68,22
DA:69,21
DA:70,21
DA:71,1
DA:72,1
DA:73,1
DA:78,21
DA:79,1
DA:80,1
DA:81,1
DA:84,20
DA:86,20
DA:87,20
DA:89,1
DA:90,1
DA:91,1
DA:99,10
DA:100,10
DA:101,10
DA:103,10
DA:105,10
DA:106,10
DA:108,0
DA:109,0
DA:117,0
DA:118,0
DA:119,0
DA:121,0
DA:122,0
DA:123,0
DA:126,0
DA:127,0
DA:129,0
DA:130,0
DA:138,4
DA:139,4
DA:146,2
DA:147,2
DA:148,2
DA:150,2
DA:152,1
DA:153,1
DA:159,0
DA:169,9
DA:176,17
DA:183,6
DA:189,6
DA:196,19
DA:198,19
DA:201,4
DA:204,4
DA:205,2
DA:206,2
DA:209,2
DA:210,2
DA:217,3
DA:224,16
DA:233,248
DA:240,18
DA:242,18
DA:243,12
DA:244,12
DA:245,11
DA:249,18
DA:256,59
DA:257,0
DA:258,0
DA:267,1
DA:268,1
DA:270,1
DA:271,1
DA:273,1
DA:274,1
DA:275,1
DA:276,1
DA:277,1
DA:279,1
DA:280,1
DA:281,1
DA:282,1
DA:284,1
DA:286,0
DA:291,1
DA:292,1
DA:299,15
DA:300,15
DA:302,15
DA:303,5
DA:304,5
DA:305,5
DA:306,5
DA:307,5
DA:310,5
DA:311,1
DA:312,1
DA:317,0
DA:318,0
DA:322,15
DA:323,1
DA:326,15
DA:333,1
DA:334,1
DA:335,1
DA:336,1
DA:338,1
DA:339,3
DA:340,3
DA:341,3
DA:342,3
DA:343,2
DA:345,2
DA:346,1
DA:348,1
DA:352,1
DA:356,1
DA:357,1
DA:364,1
DA:365,1
DA:366,1
DA:368,1
DA:369,2
DA:370,2
DA:373,1
DA:374,1
DA:376,1
DA:378,0
DA:379,0
DA:387,1
LF:151
LH:131
BRDA:24,0,0,53
BRDA:28,1,0,58
BRDA:28,1,1,58
BRDA:55,2,0,172
BRDA:60,3,0,151
BRDA:68,4,0,21
BRDA:70,5,0,1
BRDA:78,6,0,1
BRDA:78,7,0,21
BRDA:78,7,1,20
BRDA:150,8,0,1
BRDA:182,9,0,0
BRDA:198,10,0,15
BRDA:204,11,0,2
BRDA:244,12,0,11
BRDA:244,13,0,12
BRDA:244,13,1,12
BRDA:256,14,0,59
BRDA:257,15,0,0
BRDA:275,16,0,1
BRDA:305,17,0,5
BRDA:310,18,0,1
BRDA:322,19,0,1
BRDA:341,20,0,3
BRDA:345,21,0,1
BRDA:345,21,1,1
BRF:26
BRH:24
end_of_record
TN:
SF:src-ts/core/core-manager.ts
FN:24,(anonymous_0)
FN:54,(anonymous_1)
FN:122,(anonymous_2)
FN:154,(anonymous_3)
FN:156,(anonymous_4)
FN:161,(anonymous_5)
FN:173,(anonymous_6)
FN:184,(anonymous_7)
FN:199,(anonymous_8)
FN:200,(anonymous_9)
FN:208,(anonymous_10)
FN:248,(anonymous_11)
FN:275,(anonymous_12)
FN:289,(anonymous_13)
FN:300,(anonymous_14)
FN:307,(anonymous_15)
FN:314,(anonymous_16)
FN:321,(anonymous_17)
FN:328,(anonymous_18)
FN:335,(anonymous_19)
FN:344,(anonymous_20)
FN:351,(anonymous_21)
FN:368,(anonymous_22)
FN:384,(anonymous_23)
FN:418,(anonymous_24)
FN:425,(anonymous_25)
FN:436,(anonymous_26)
FN:446,(anonymous_27)
FN:457,(anonymous_28)
FN:464,(anonymous_29)
FN:471,(anonymous_30)
FN:478,(anonymous_31)
FN:488,(anonymous_32)
FN:495,(anonymous_33)
FN:506,(anonymous_34)
FN:516,(anonymous_35)
FN:526,(anonymous_36)
FNF:37
FNH:22
FNDA:15,(anonymous_0)
FNDA:15,(anonymous_1)
FNDA:16,(anonymous_2)
FNDA:15,(anonymous_3)
FNDA:1,(anonymous_4)
FNDA:7,(anonymous_5)
FNDA:1,(anonymous_6)
FNDA:2,(anonymous_7)
FNDA:14,(anonymous_8)
FNDA:0,(anonymous_9)
FNDA:14,(anonymous_10)
FNDA:18,(anonymous_11)
FNDA:2,(anonymous_12)
FNDA:2,(anonymous_13)
FNDA:5,(anonymous_14)
FNDA:7,(anonymous_15)
FNDA:6,(anonymous_16)
FNDA:2,(anonymous_17)
FNDA:1,(anonymous_18)
FNDA:3,(anonymous_19)
FNDA:1,(anonymous_20)
FNDA:1,(anonymous_21)
FNDA:0,(anonymous_22)
FNDA:2,(anonymous_23)
FNDA:0,(anonymous_24)
FNDA:0,(anonymous_25)
FNDA:0,(anonymous_26)
FNDA:0,(anonymous_27)
FNDA:0,(anonymous_28)
FNDA:0,(anonymous_29)
FNDA:0,(anonymous_30)
FNDA:0,(anonymous_31)
FNDA:0,(anonymous_32)
FNDA:0,(anonymous_33)
FNDA:0,(anonymous_34)
FNDA:0,(anonymous_35)
FNDA:0,(anonymous_36)
DA:1,1
DA:2,1
DA:3,1
DA:4,1
DA:5,1
DA:6,1
DA:12,1
DA:20,15
DA:21,15
DA:25,15
DA:28,15
DA:29,15
DA:30,15
DA:31,15
DA:32,15
DA:37,15
DA:43,15
DA:46,15
DA:47,2
DA:55,15
DA:56,0
DA:57,0
DA:60,15
DA:61,15
DA:64,15
DA:66,15
DA:67,1
DA:68,1
DA:72,14
DA:73,14
DA:74,0
DA:78,14
DA:79,14
DA:80,0
DA:84,14
DA:87,14
DA:90,14
DA:93,14
DA:95,14
DA:96,14
DA:97,0
DA:99,0
DA:102,14
DA:103,14
DA:105,14
DA:106,14
DA:109,0
DA:110,0
DA:115,0
DA:123,16
DA:126,16
DA:127,14
DA:128,14
DA:132,16
DA:135,16
DA:138,16
DA:139,16
DA:141,16
DA:142,16
DA:145,16
DA:146,16
DA:148,16
DA:156,15
DA:157,1
DA:161,15
DA:163,7
DA:164,4
DA:173,15
DA:174,1
DA:175,1
DA:177,1
DA:178,0
DA:179,0
DA:184,15
DA:186,2
DA:187,2
DA:200,14
DA:201,0
DA:209,14
DA:211,14
DA:212,14
DA:213,1
DA:214,1
DA:221,14
DA:222,14
DA:223,0
DA:224,0
DA:225,0
DA:226,0
DA:234,14
DA:235,14
DA:236,1
DA:237,1
DA:241,0
DA:249,18
DA:250,18
DA:251,18
DA:254,18
DA:255,4
DA:263,18
DA:264,2
DA:268,0
DA:277,2
DA:282,2
DA:283,1
DA:288,2
DA:289,2
DA:290,2
DA:301,5
DA:308,7
DA:315,6
DA:322,2
DA:329,1
DA:336,3
DA:345,1
DA:357,1
DA:369,0
DA:370,0
DA:371,0
DA:372,0
DA:374,0
DA:375,0
DA:376,0
DA:378,0
DA:389,2
DA:390,2
DA:397,2
DA:398,2
DA:399,2
DA:402,2
DA:403,1
DA:404,1
DA:405,1
DA:407,0
DA:410,2
DA:419,0
DA:426,0
DA:427,0
DA:428,0
DA:430,0
DA:437,0
DA:438,0
DA:440,0
DA:447,0
DA:448,0
DA:449,0
DA:451,0
DA:458,0
DA:465,0
DA:472,0
DA:479,0
DA:489,0
DA:496,0
DA:497,0
DA:498,0
DA:500,0
DA:507,0
DA:508,0
DA:510,0
DA:517,0
DA:518,0
DA:520,0
DA:527,0
LF:163
LH:108
BRDA:46,0,0,2
BRDA:55,1,0,0
BRDA:66,2,0,1
BRDA:73,3,0,0
BRDA:79,4,0,0
BRDA:93,5,0,14
BRDA:93,5,1,0
BRDA:97,6,0,0
BRDA:126,7,0,14
BRDA:138,8,0,16
BRDA:141,9,0,16
BRDA:163,10,0,4
BRDA:177,11,0,0
BRDA:212,12,0,1
BRDA:212,13,0,14
BRDA:212,13,1,1
BRDA:216,14,0,1
BRDA:216,14,1,0
BRDA:222,15,0,0
BRDA:222,16,0,14
BRDA:222,16,1,0
BRDA:224,17,0,0
BRDA:235,18,0,1
BRDA:254,19,0,4
BRDA:263,20,0,2
BRDA:277,21,0,1
BRDA:282,22,0,1
BRDA:288,23,0,2
BRDA:397,24,0,1
BRDA:398,25,0,0
BRDA:399,26,0,0
BRDA:402,27,0,1
BRDA:402,27,1,1
BRDA:404,28,0,1
BRDA:404,28,1,0
BRDA:426,29,0,0
BRDA:437,30,0,0
BRDA:447,31,0,0
BRDA:457,32,0,0
BRDA:479,33,0,0
BRDA:479,33,1,0
BRDA:496,34,0,0
BRDA:506,35,0,0
BRDA:507,36,0,0
BRDA:517,37,0,0
BRF:45
BRH:22
end_of_record
TN:
SF:src-ts/core/event-bus.ts
FN:3,(anonymous_0)
FN:9,(anonymous_1)
FN:22,(anonymous_2)
FN:24,(anonymous_3)
FN:36,(anonymous_4)
FN:50,(anonymous_5)
FN:54,(anonymous_6)
FN:64,(anonymous_7)
FN:75,(anonymous_8)
FN:82,(anonymous_9)
FNF:10
FNH:9
FNDA:174,(anonymous_0)
FNDA:1188,(anonymous_1)
FNDA:1464,(anonymous_2)
FNDA:1276,(anonymous_3)
FNDA:3,(anonymous_4)
FNDA:1,(anonymous_5)
FNDA:1,(anonymous_6)
FNDA:217,(anonymous_7)
FNDA:15,(anonymous_8)
FNDA:0,(anonymous_9)
DA:3,9
DA:4,174
DA:13,1188
DA:14,701
DA:16,1188
DA:23,1464
DA:24,1464
DA:25,1276
DA:26,1276
DA:28,2
DA:40,3
DA:41,3
DA:42,3
DA:43,2
DA:54,1
DA:55,1
DA:56,1
DA:58,1
DA:65,217
DA:66,1
DA:68,216
DA:76,15
DA:83,0
LF:23
LH:22
BRDA:13,0,0,701
BRDA:23,1,0,1464
BRDA:23,1,1,329
BRDA:40,2,0,3
BRDA:40,2,1,1
BRDA:42,3,0,2
BRDA:65,4,0,1
BRDA:65,4,1,216
BRDA:76,5,0,15
BRDA:76,5,1,9
BRF:10
BRH:10
end_of_record
TN:
SF:src-ts/core/page-detector.ts
FN:6,(anonymous_0)
FN:12,(anonymous_1)
FN:34,(anonymous_2)
FN:41,(anonymous_3)
FN:48,(anonymous_4)
FN:55,(anonymous_5)
FN:62,(anonymous_6)
FN:69,(anonymous_7)
FN:76,(anonymous_8)
FN:117,(anonymous_9)
FN:179,(anonymous_10)
FN:183,(anonymous_11)
FN:205,(anonymous_12)
FN:214,(anonymous_13)
FN:224,(anonymous_14)
FN:225,(anonymous_15)
FN:231,(anonymous_16)
FN:237,(anonymous_17)
FN:250,(anonymous_18)
FN:254,(anonymous_19)
FN:259,(anonymous_20)
FN:260,(anonymous_21)
FN:283,(anonymous_22)
FN:294,(anonymous_23)
FNF:24
FNH:14
FNDA:15,(anonymous_0)
FNDA:16,(anonymous_1)
FNDA:0,(anonymous_2)
FNDA:0,(anonymous_3)
FNDA:0,(anonymous_4)
FNDA:0,(anonymous_5)
FNDA:0,(anonymous_6)
FNDA:18,(anonymous_7)
FNDA:28,(anonymous_8)
FNDA:14,(anonymous_9)
FNDA:15,(anonymous_10)
FNDA:2,(anonymous_11)
FNDA:0,(anonymous_12)
FNDA:15,(anonymous_13)
FNDA:14,(anonymous_14)
FNDA:14,(anonymous_15)
FNDA:0,(anonymous_16)
FNDA:0,(anonymous_17)
FNDA:14,(anonymous_18)
FNDA:14,(anonymous_19)
FNDA:14,(anonymous_20)
FNDA:14,(anonymous_21)
FNDA:0,(anonymous_22)
FNDA:0,(anonymous_23)
DA:6,1
DA:7,15
DA:13,16
DA:15,16
DA:17,16
DA:18,14
DA:19,14
DA:20,2
DA:21,1
DA:22,1
DA:24,1
DA:25,1
DA:28,16
DA:35,0
DA:42,0
DA:49,0
DA:56,0
DA:63,0
DA:70,18
DA:77,28
DA:79,28
DA:93,0
DA:105,0
DA:122,14
DA:123,14
DA:124,14
DA:126,14
DA:128,14
DA:133,14
DA:134,28
DA:135,0
DA:139,14
DA:140,0
DA:141,0
DA:144,0
DA:146,0
DA:151,0
DA:152,0
DA:153,0
DA:157,0
DA:158,0
DA:162,14
DA:164,14
DA:165,14
DA:166,0
DA:169,14
DA:180,15
DA:181,15
DA:183,15
DA:184,2
DA:185,2
DA:186,0
DA:188,0
DA:189,0
DA:191,0
DA:192,0
DA:193,0
DA:196,0
DA:197,0
DA:202,15
DA:205,15
DA:206,0
DA:209,15
DA:211,15
DA:214,15
DA:215,15
DA:216,15
DA:217,15
DA:225,14
DA:226,14
DA:227,14
DA:228,14
DA:231,0
DA:232,0
DA:233,0
DA:234,0
DA:237,0
DA:238,0
DA:239,0
DA:240,0
DA:243,0
DA:251,14
DA:252,14
DA:254,14
DA:255,14
DA:256,14
DA:259,14
DA:260,14
DA:261,14
DA:262,14
DA:263,14
DA:264,14
DA:267,0
DA:268,0
DA:269,0
DA:270,0
DA:273,0
DA:276,14
DA:284,0
DA:286,0
DA:287,0
DA:288,0
DA:289,0
DA:290,0
DA:291,0
DA:294,0
DA:295,0
DA:296,0
LF:108
LH:57
BRDA:17,0,0,14
BRDA:17,0,1,2
BRDA:20,1,0,1
BRDA:20,1,1,1
BRDA:70,2,0,18
BRDA:70,2,1,2
BRDA:77,3,0,28
BRDA:77,3,1,0
BRDA:77,3,2,0
BRDA:126,4,0,14
BRDA:126,4,1,0
BRDA:134,5,0,0
BRDA:139,6,0,0
BRDA:144,7,0,0
BRDA:152,8,0,0
BRDA:157,9,0,0
BRDA:164,10,0,14
BRDA:164,10,1,0
BRDA:165,11,0,0
BRDA:185,12,0,0
BRDA:191,13,0,0
BRDA:224,14,0,0
BRDA:226,15,0,14
BRDA:250,16,0,0
BRDA:261,17,0,14
BRDA:267,18,0,0
BRF:26
BRH:11
end_of_record
TN:
SF:src-ts/core/state-manager.ts
FN:21,(anonymous_0)
FN:29,(anonymous_1)
FN:64,(anonymous_2)
FN:66,(anonymous_3)
FN:81,(anonymous_4)
FN:88,(anonymous_5)
FN:106,(anonymous_6)
FN:108,(anonymous_7)
FN:127,(anonymous_8)
FN:132,(anonymous_9)
FN:136,(anonymous_10)
FN:156,(anonymous_11)
FN:168,(anonymous_12)
FN:177,(anonymous_13)
FN:184,(anonymous_14)
FN:204,(anonymous_15)
FN:216,(anonymous_16)
FN:230,(anonymous_17)
FN:245,(anonymous_18)
FN:252,(anonymous_19)
FN:266,(anonymous_20)
FN:273,(anonymous_21)
FN:280,(anonymous_22)
FN:295,(anonymous_23)
FN:316,(anonymous_24)
FN:323,(anonymous_25)
FN:339,(anonymous_26)
FN:355,(anonymous_27)
FN:370,(anonymous_28)
FN:387,(anonymous_29)
FN:399,(anonymous_30)
FNF:31
FNH:30
FNDA:115,(anonymous_0)
FNDA:132,(anonymous_1)
FNDA:115,(anonymous_2)
FNDA:57,(anonymous_3)
FNDA:32,(anonymous_4)
FNDA:37,(anonymous_5)
FNDA:12,(anonymous_6)
FNDA:2,(anonymous_7)
FNDA:3,(anonymous_8)
FNDA:2,(anonymous_9)
FNDA:2,(anonymous_10)
FNDA:1,(anonymous_11)
FNDA:5,(anonymous_12)
FNDA:28,(anonymous_13)
FNDA:20,(anonymous_14)
FNDA:4,(anonymous_15)
FNDA:1,(anonymous_16)
FNDA:1,(anonymous_17)
FNDA:4,(anonymous_18)
FNDA:4,(anonymous_19)
FNDA:4,(anonymous_20)
FNDA:5,(anonymous_21)
FNDA:0,(anonymous_22)
FNDA:23,(anonymous_23)
FNDA:4,(anonymous_24)
FNDA:5,(anonymous_25)
FNDA:18,(anonymous_26)
FNDA:2,(anonymous_27)
FNDA:6,(anonymous_28)
FNDA:17,(anonymous_29)
FNDA:1,(anonymous_30)
DA:14,6
DA:21,115
DA:22,115
DA:23,115
DA:30,132
DA:39,132
DA:46,132
DA:50,132
DA:55,132
DA:66,115
DA:67,57
DA:68,37
DA:70,57
DA:71,20
DA:82,32
DA:89,37
DA:90,37
DA:92,37
DA:95,37
DA:96,34
DA:98,37
DA:99,19
DA:107,12
DA:108,2
DA:111,12
DA:112,11
DA:113,11
DA:118,11
DA:119,11
DA:121,1
DA:128,3
DA:131,3
DA:132,2
DA:135,3
DA:136,2
DA:139,3
DA:140,2
DA:145,2
DA:146,2
DA:148,2
DA:150,1
DA:157,1
DA:158,1
DA:162,1
DA:169,5
DA:178,28
DA:185,20
DA:186,20
DA:188,20
DA:191,20
DA:192,18
DA:193,12
DA:194,12
DA:196,6
DA:205,4
DA:217,1
DA:224,1
DA:231,1
DA:234,1
DA:237,1
DA:246,4
DA:253,4
DA:258,4
DA:267,4
DA:275,5
DA:277,5
DA:281,0
DA:282,0
DA:284,0
DA:289,5
DA:296,23
DA:297,3
DA:299,23
DA:300,0
DA:303,23
DA:308,23
DA:317,4
DA:324,5
DA:325,0
DA:328,5
DA:333,5
DA:340,18
DA:341,0
DA:344,18
DA:349,18
DA:356,2
DA:357,2
DA:359,2
DA:360,1
DA:361,1
DA:371,6
DA:372,1
DA:373,5
DA:374,1
DA:375,4
DA:376,1
DA:377,3
DA:378,1
DA:380,2
DA:388,17
DA:389,17
DA:391,17
DA:393,17
DA:400,1
DA:401,1
DA:402,1
DA:403,1
DA:404,1
DA:405,1
DA:406,1
DA:407,1
LF:111
LH:105
BRDA:67,0,0,37
BRDA:70,1,0,20
BRDA:95,2,0,34
BRDA:95,3,0,37
BRDA:95,3,1,35
BRDA:98,4,0,19
BRDA:98,5,0,37
BRDA:98,5,1,19
BRDA:108,6,0,2
BRDA:108,6,1,1
BRDA:111,7,0,11
BRDA:115,8,0,11
BRDA:115,8,1,0
BRDA:132,9,0,2
BRDA:132,9,1,2
BRDA:136,10,0,2
BRDA:136,10,1,2
BRDA:139,11,0,2
BRDA:142,12,0,0
BRDA:142,12,1,2
BRDA:145,13,0,2
BRDA:191,14,0,18
BRDA:191,15,0,20
BRDA:191,15,1,18
BRDA:192,16,0,12
BRDA:192,16,1,6
BRDA:216,17,0,0
BRDA:216,18,0,0
BRDA:234,19,0,1
BRDA:234,19,1,0
BRDA:255,20,0,3
BRDA:255,20,1,1
BRDA:281,21,0,0
BRDA:281,21,1,0
BRDA:296,22,0,3
BRDA:299,23,0,0
BRDA:323,24,0,0
BRDA:324,25,0,0
BRDA:340,26,0,0
BRDA:359,27,0,1
BRDA:371,28,0,1
BRDA:371,28,1,5
BRDA:373,29,0,1
BRDA:373,29,1,4
BRDA:375,30,0,1
BRDA:375,30,1,3
BRDA:377,31,0,1
BRDA:377,31,1,2
BRDA:377,32,0,3
BRDA:377,32,1,1
BRF:50
BRH:39
end_of_record
TN:
SF:src-ts/features/monitoring/dom-observer.ts
FN:16,(anonymous_0)
FN:23,(anonymous_1)
FN:26,(anonymous_2)
FN:30,(anonymous_3)
FN:37,(anonymous_4)
FN:45,(anonymous_5)
FN:60,(anonymous_6)
FN:70,(anonymous_7)
FN:82,(anonymous_8)
FN:122,(anonymous_9)
FN:129,(anonymous_10)
FN:143,(anonymous_11)
FN:178,(anonymous_12)
FN:197,(anonymous_13)
FN:226,(anonymous_14)
FN:230,(anonymous_15)
FN:244,(anonymous_16)
FN:281,(anonymous_17)
FN:289,(anonymous_18)
FN:307,(anonymous_19)
FN:319,(anonymous_20)
FN:341,(anonymous_21)
FNF:22
FNH:15
FNDA:33,(anonymous_0)
FNDA:33,(anonymous_1)
FNDA:0,(anonymous_2)
FNDA:11,(anonymous_3)
FNDA:43,(anonymous_4)
FNDA:0,(anonymous_5)
FNDA:1,(anonymous_6)
FNDA:32,(anonymous_7)
FNDA:0,(anonymous_8)
FNDA:0,(anonymous_9)
FNDA:0,(anonymous_10)
FNDA:0,(anonymous_11)
FNDA:1,(anonymous_12)
FNDA:1,(anonymous_13)
FNDA:1,(anonymous_14)
FNDA:3,(anonymous_15)
FNDA:1,(anonymous_16)
FNDA:1,(anonymous_17)
FNDA:3,(anonymous_18)
FNDA:1,(anonymous_19)
FNDA:6,(anonymous_20)
FNDA:0,(anonymous_21)
DA:7,2
DA:8,2
DA:10,2
DA:11,33
DA:12,33
DA:13,33
DA:14,33
DA:16,33
DA:17,33
DA:25,33
DA:26,0
DA:27,0
DA:30,33
DA:38,43
DA:39,3
DA:40,3
DA:43,40
DA:45,40
DA:46,0
DA:50,40
DA:57,40
DA:60,40
DA:61,1
DA:64,40
DA:71,32
DA:72,30
DA:73,30
DA:74,30
DA:75,30
DA:83,0
DA:84,0
DA:87,0
DA:89,0
DA:90,0
DA:91,0
DA:92,0
DA:96,0
DA:97,0
DA:101,0
DA:103,0
DA:105,0
DA:107,0
DA:108,0
DA:109,0
DA:113,0
DA:115,0
DA:123,0
DA:124,0
DA:125,0
DA:126,0
DA:129,0
DA:130,0
DA:131,0
DA:132,0
DA:135,0
DA:138,0
DA:139,0
DA:143,0
DA:144,0
DA:145,0
DA:146,0
DA:151,0
DA:154,0
DA:156,0
DA:157,0
DA:160,0
DA:165,0
DA:166,0
DA:169,0
DA:172,0
DA:179,1
DA:180,0
DA:181,0
DA:183,0
DA:184,0
DA:185,0
DA:187,0
DA:189,0
DA:199,1
DA:200,1
DA:203,1
DA:209,1
DA:211,0
DA:216,0
DA:218,0
DA:219,0
DA:227,1
DA:228,1
DA:230,1
DA:231,3
DA:233,3
DA:234,0
DA:238,1
DA:246,1
DA:249,1
DA:250,0
DA:254,1
DA:255,1
DA:258,1
DA:259,1
DA:263,0
DA:264,0
DA:268,0
DA:269,0
DA:270,0
DA:271,0
DA:275,0
DA:282,1
DA:283,1
DA:285,1
DA:286,1
DA:287,1
DA:289,1
DA:290,3
DA:291,3
DA:292,3
DA:293,3
DA:295,3
DA:297,1
DA:301,1
DA:308,1
DA:309,1
DA:310,1
DA:312,0
DA:326,6
DA:327,6
DA:329,6
DA:342,0
DA:344,0
DA:345,0
DA:346,0
DA:347,0
DA:348,0
DA:349,0
DA:350,0
LF:135
LH:62
BRDA:25,0,0,0
BRDA:25,0,1,33
BRDA:38,1,0,3
BRDA:38,2,0,43
BRDA:38,2,1,40
BRDA:71,3,0,30
BRDA:83,4,0,0
BRDA:90,5,0,0
BRDA:96,6,0,0
BRDA:108,7,0,0
BRDA:123,8,0,0
BRDA:123,8,1,0
BRDA:130,9,0,0
BRDA:132,10,0,0
BRDA:132,10,1,0
BRDA:138,11,0,0
BRDA:144,12,0,0
BRDA:146,13,0,0
BRDA:146,13,1,0
BRDA:146,13,2,0
BRDA:146,13,3,0
BRDA:156,14,0,0
BRDA:160,15,0,0
BRDA:160,16,0,0
BRDA:160,16,1,0
BRDA:160,16,2,0
BRDA:179,17,0,0
BRDA:199,18,0,1
BRDA:199,18,1,0
BRDA:233,19,0,0
BRDA:233,20,0,3
BRDA:233,20,1,3
BRDA:233,20,2,3
BRDA:233,20,3,3
BRDA:249,21,0,0
BRDA:249,22,0,1
BRDA:249,22,1,0
BRDA:258,23,0,1
BRDA:258,24,0,1
BRDA:258,24,1,1
BRDA:263,25,0,0
BRDA:270,26,0,0
BRDA:270,27,0,0
BRDA:270,27,1,0
BRDA:287,28,0,1
BRDA:291,29,0,3
BRDA:291,29,1,0
BRDA:309,30,0,1
BRDA:309,30,1,0
BRF:49
BRH:17
end_of_record
TN:
SF:src-ts/features/monitoring/monitoring-engine.ts
FN:40,(anonymous_0)
FN:52,(anonymous_1)
FN:54,(anonymous_2)
FN:58,(anonymous_3)
FN:62,(anonymous_4)
FN:70,(anonymous_5)
FN:95,(anonymous_6)
FN:112,(anonymous_7)
FN:122,(anonymous_8)
FN:168,(anonymous_9)
FN:173,(anonymous_10)
FN:183,(anonymous_11)
FN:206,(anonymous_12)
FN:242,(anonymous_13)
FN:258,(anonymous_14)
FN:317,(anonymous_15)
FN:362,(anonymous_16)
FN:391,(anonymous_17)
FN:400,(anonymous_18)
FN:415,(anonymous_19)
FN:422,(anonymous_20)
FN:430,(anonymous_21)
FN:437,(anonymous_22)
FNF:23
FNH:17
FNDA:49,(anonymous_0)
FNDA:49,(anonymous_1)
FNDA:21,(anonymous_2)
FNDA:2,(anonymous_3)
FNDA:3,(anonymous_4)
FNDA:16,(anonymous_5)
FNDA:16,(anonymous_6)
FNDA:1,(anonymous_7)
FNDA:40,(anonymous_8)
FNDA:14,(anonymous_9)
FNDA:0,(anonymous_10)
FNDA:1,(anonymous_11)
FNDA:0,(anonymous_12)
FNDA:0,(anonymous_13)
FNDA:0,(anonymous_14)
FNDA:1,(anonymous_15)
FNDA:0,(anonymous_16)
FNDA:0,(anonymous_17)
FNDA:26,(anonymous_18)
FNDA:5,(anonymous_19)
FNDA:1,(anonymous_20)
FNDA:13,(anonymous_21)
FNDA:1,(anonymous_22)
DA:19,3
DA:22,3
DA:23,49
DA:33,49
DA:41,49
DA:42,49
DA:43,49
DA:44,49
DA:46,49
DA:54,49
DA:55,21
DA:58,49
DA:59,2
DA:62,49
DA:63,3
DA:71,16
DA:72,1
DA:73,1
DA:76,15
DA:77,1
DA:78,1
DA:82,14
DA:83,14
DA:84,14
DA:85,14
DA:86,14
DA:89,14
DA:94,14
DA:95,14
DA:96,16
DA:97,16
DA:100,14
DA:103,14
DA:109,14
DA:112,14
DA:113,1
DA:116,14
DA:123,40
DA:124,32
DA:128,8
DA:129,8
DA:130,8
DA:133,8
DA:134,0
DA:135,0
DA:138,8
DA:141,8
DA:142,8
DA:143,8
DA:146,8
DA:147,8
DA:151,0
DA:152,0
DA:153,0
DA:155,0
DA:156,0
DA:160,0
DA:162,0
DA:169,14
DA:170,0
DA:173,14
DA:174,0
DA:175,0
DA:184,1
DA:185,0
DA:189,1
DA:190,1
DA:191,1
DA:192,1
DA:196,0
DA:197,0
DA:198,0
DA:199,0
DA:202,0
DA:203,0
DA:205,0
DA:206,0
DA:208,0
DA:211,0
DA:217,0
DA:219,0
DA:220,0
DA:221,0
DA:224,0
DA:230,0
DA:231,0
DA:235,0
DA:236,0
DA:243,0
DA:245,0
DA:246,0
DA:247,0
DA:248,0
DA:252,0
DA:259,0
DA:265,0
DA:267,0
DA:268,0
DA:269,0
DA:270,0
DA:273,0
DA:276,0
DA:277,0
DA:278,0
DA:279,0
DA:283,0
DA:284,0
DA:285,0
DA:286,0
DA:290,0
DA:291,0
DA:292,0
DA:293,0
DA:296,0
DA:297,0
DA:298,0
DA:299,0
DA:300,0
DA:303,0
DA:304,0
DA:307,0
DA:308,0
DA:309,0
DA:310,0
DA:318,1
DA:324,1
DA:326,1
DA:327,1
DA:330,1
DA:331,1
DA:333,1
DA:334,1
DA:335,1
DA:336,0
DA:340,1
DA:341,1
DA:343,1
DA:344,1
DA:345,0
DA:346,1
DA:347,1
DA:351,1
DA:354,0
DA:355,0
DA:364,0
DA:372,0
DA:373,0
DA:375,0
DA:378,0
DA:379,0
DA:380,0
DA:382,0
DA:385,0
DA:391,0
DA:392,0
DA:393,0
DA:401,26
DA:403,26
DA:404,24
DA:405,22
DA:407,2
DA:416,5
DA:423,1
DA:424,1
DA:431,13
DA:438,1
DA:439,1
DA:440,1
DA:441,1
DA:442,1
DA:443,1
DA:444,1
DA:445,1
LF:173
LH:89
BRDA:71,0,0,1
BRDA:76,1,0,1
BRDA:122,2,0,0
BRDA:123,3,0,32
BRDA:128,4,0,8
BRDA:133,5,0,0
BRDA:146,6,0,8
BRDA:151,7,0,0
BRDA:151,7,1,0
BRDA:169,8,0,0
BRDA:174,9,0,0
BRDA:184,10,0,0
BRDA:184,11,0,1
BRDA:184,11,1,1
BRDA:190,12,0,1
BRDA:196,13,0,0
BRDA:219,14,0,0
BRDA:219,15,0,0
BRDA:219,15,1,0
BRDA:247,16,0,0
BRDA:268,17,0,0
BRDA:277,18,0,0
BRDA:284,19,0,0
BRDA:291,20,0,0
BRDA:298,21,0,0
BRDA:298,22,0,0
BRDA:298,22,1,0
BRDA:335,23,0,0
BRDA:341,24,0,1
BRDA:341,24,1,1
BRDA:343,25,0,1
BRDA:344,26,0,0
BRDA:344,26,1,1
BRDA:346,27,0,1
BRDA:368,28,0,0
BRDA:368,28,1,0
BRDA:403,29,0,24
BRDA:404,30,0,22
BRDA:404,30,1,2
BRDA:442,31,0,0
BRDA:442,31,1,1
BRF:41
BRH:17
end_of_record
TN:
SF:src-ts/features/monitoring/monitoring-service.ts
FN:23,(anonymous_0)
FN:35,(anonymous_1)
FN:56,(anonymous_2)
FN:58,(anonymous_3)
FN:63,(anonymous_4)
FN:67,(anonymous_5)
FN:72,(anonymous_6)
FN:81,(anonymous_7)
FN:89,(anonymous_8)
FN:117,(anonymous_9)
FN:140,(anonymous_10)
FN:147,(anonymous_11)
FN:154,(anonymous_12)
FN:161,(anonymous_13)
FN:168,(anonymous_14)
FN:175,(anonymous_15)
FN:184,(anonymous_16)
FN:196,(anonymous_17)
FN:203,(anonymous_18)
FN:210,(anonymous_19)
FN:217,(anonymous_20)
FN:226,(anonymous_21)
FN:233,(anonymous_22)
FN:242,(anonymous_23)
FN:261,(anonymous_24)
FN:268,(anonymous_25)
FN:275,(anonymous_26)
FN:298,(anonymous_27)
FN:305,(anonymous_28)
FN:312,(anonymous_29)
FN:319,(anonymous_30)
FNF:31
FNH:20
FNDA:33,(anonymous_0)
FNDA:33,(anonymous_1)
FNDA:33,(anonymous_2)
FNDA:2,(anonymous_3)
FNDA:5,(anonymous_4)
FNDA:0,(anonymous_5)
FNDA:0,(anonymous_6)
FNDA:0,(anonymous_7)
FNDA:32,(anonymous_8)
FNDA:34,(anonymous_9)
FNDA:11,(anonymous_10)
FNDA:2,(anonymous_11)
FNDA:1,(anonymous_12)
FNDA:2,(anonymous_13)
FNDA:0,(anonymous_14)
FNDA:10,(anonymous_15)
FNDA:5,(anonymous_16)
FNDA:37,(anonymous_17)
FNDA:9,(anonymous_18)
FNDA:0,(anonymous_19)
FNDA:0,(anonymous_20)
FNDA:0,(anonymous_21)
FNDA:1,(anonymous_22)
FNDA:5,(anonymous_23)
FNDA:1,(anonymous_24)
FNDA:0,(anonymous_25)
FNDA:1,(anonymous_26)
FNDA:0,(anonymous_27)
FNDA:0,(anonymous_28)
FNDA:0,(anonymous_29)
FNDA:1,(anonymous_30)
DA:9,2
DA:10,2
DA:11,2
DA:12,2
DA:16,2
DA:21,33
DA:24,33
DA:25,33
DA:26,33
DA:28,33
DA:29,33
DA:37,33
DA:38,33
DA:44,33
DA:50,33
DA:58,33
DA:59,2
DA:63,33
DA:64,5
DA:67,33
DA:68,0
DA:72,33
DA:73,0
DA:74,0
DA:81,33
DA:82,0
DA:90,32
DA:91,0
DA:92,0
DA:95,32
DA:97,32
DA:99,32
DA:101,32
DA:102,32
DA:104,32
DA:109,0
DA:110,0
DA:118,34
DA:120,34
DA:122,34
DA:125,32
DA:127,32
DA:128,32
DA:131,2
DA:141,11
DA:148,2
DA:155,1
DA:162,2
DA:169,0
DA:176,10
DA:185,5
DA:186,0
DA:187,0
DA:190,5
DA:197,37
DA:204,9
DA:211,0
DA:218,0
DA:227,0
DA:234,1
DA:249,5
DA:262,1
DA:269,0
DA:276,1
DA:278,1
DA:279,0
DA:280,0
DA:281,0
DA:282,0
DA:284,0
DA:287,0
DA:288,0
DA:289,0
DA:290,0
DA:299,0
DA:306,0
DA:313,0
DA:320,1
LF:78
LH:51
BRDA:90,0,0,0
BRDA:185,1,0,0
BRDA:196,2,0,34
BRF:3
BRH:1
end_of_record
TN:
SF:src-ts/features/monitoring/persistence-manager.ts
FN:16,(anonymous_0)
FN:28,(anonymous_1)
FN:30,(anonymous_2)
FN:41,(anonymous_3)
FN:49,(anonymous_4)
FN:53,(anonymous_5)
FN:60,(anonymous_6)
FN:74,(anonymous_7)
FN:87,(anonymous_8)
FN:147,(anonymous_9)
FN:188,(anonymous_10)
FN:208,(anonymous_11)
FN:224,(anonymous_12)
FN:234,(anonymous_13)
FN:242,(anonymous_14)
FN:267,(anonymous_15)
FN:275,(anonymous_16)
FNF:17
FNH:9
FNDA:33,(anonymous_0)
FNDA:33,(anonymous_1)
FNDA:5,(anonymous_2)
FNDA:0,(anonymous_3)
FNDA:0,(anonymous_4)
FNDA:11,(anonymous_5)
FNDA:5,(anonymous_6)
FNDA:12,(anonymous_7)
FNDA:11,(anonymous_8)
FNDA:0,(anonymous_9)
FNDA:0,(anonymous_10)
FNDA:0,(anonymous_11)
FNDA:0,(anonymous_12)
FNDA:0,(anonymous_13)
FNDA:5,(anonymous_14)
FNDA:1,(anonymous_15)
FNDA:0,(anonymous_16)
DA:13,2
DA:14,33
DA:17,33
DA:18,33
DA:19,33
DA:20,33
DA:22,33
DA:30,33
DA:31,5
DA:41,33
DA:42,0
DA:43,0
DA:48,33
DA:49,0
DA:50,0
DA:53,33
DA:61,5
DA:62,5
DA:65,5
DA:67,0
DA:75,12
DA:76,12
DA:77,0
DA:78,0
DA:80,12
DA:88,11
DA:90,11
DA:91,0
DA:92,0
DA:93,0
DA:97,0
DA:98,0
DA:99,0
DA:100,0
DA:101,0
DA:105,0
DA:106,0
DA:107,0
DA:108,0
DA:109,0
DA:112,0
DA:115,0
DA:118,0
DA:121,0
DA:123,0
DA:124,0
DA:125,0
DA:130,0
DA:132,0
DA:133,0
DA:134,0
DA:138,11
DA:139,11
DA:140,11
DA:149,0
DA:150,0
DA:154,0
DA:159,0
DA:163,0
DA:164,0
DA:165,0
DA:166,0
DA:170,0
DA:171,0
DA:172,0
DA:175,0
DA:176,0
DA:177,0
DA:178,0
DA:182,0
DA:189,0
DA:192,0
DA:195,0
DA:196,0
DA:197,0
DA:198,0
DA:202,0
DA:209,0
DA:211,0
DA:213,0
DA:215,0
DA:217,0
DA:218,0
DA:219,0
DA:220,0
DA:224,0
DA:227,0
DA:228,0
DA:235,0
DA:236,0
DA:248,5
DA:249,0
DA:251,0
DA:256,0
DA:257,0
DA:258,0
DA:261,0
DA:268,1
DA:269,1
DA:276,0
DA:278,0
DA:279,0
DA:280,0
DA:282,0
DA:283,0
DA:284,0
DA:286,0
DA:287,0
DA:288,0
DA:289,0
DA:293,0
LF:111
LH:26
BRDA:42,0,0,0
BRDA:42,1,0,0
BRDA:42,1,1,0
BRDA:48,2,0,0
BRDA:48,2,1,33
BRDA:91,3,0,0
BRDA:98,4,0,0
BRDA:106,5,0,0
BRDA:123,6,0,0
BRDA:123,6,1,0
BRDA:149,7,0,0
BRDA:149,8,0,0
BRDA:149,8,1,0
BRDA:154,9,0,0
BRDA:154,10,0,0
BRDA:154,10,1,0
BRDA:154,10,2,0
BRDA:154,10,3,0
BRDA:154,10,4,0
BRDA:164,11,0,0
BRDA:170,12,0,0
BRDA:176,13,0,0
BRDA:176,14,0,0
BRDA:176,14,1,0
BRDA:197,15,0,0
BRDA:208,16,0,0
BRDA:215,17,0,0
BRDA:218,18,0,0
BRDA:256,19,0,0
BRDA:282,20,0,0
BRDA:287,21,0,0
BRF:31
BRH:1
end_of_record
TN:
SF:src-ts/features/monitoring/target-manager.ts
FN:12,(anonymous_0)
FN:17,(anonymous_1)
FN:20,(anonymous_2)
FN:46,(anonymous_3)
FN:49,(anonymous_4)
FN:53,(anonymous_5)
FN:75,(anonymous_6)
FN:86,(anonymous_7)
FN:93,(anonymous_8)
FN:95,(anonymous_9)
FN:102,(anonymous_10)
FN:109,(anonymous_11)
FN:116,(anonymous_12)
FN:130,(anonymous_13)
FN:140,(anonymous_14)
FN:151,(anonymous_15)
FN:158,(anonymous_16)
FN:170,(anonymous_17)
FN:174,(anonymous_18)
FNF:19
FNH:19
FNDA:65,(anonymous_0)
FNDA:48,(anonymous_1)
FNDA:22,(anonymous_2)
FNDA:5,(anonymous_3)
FNDA:9,(anonymous_4)
FNDA:14,(anonymous_5)
FNDA:5,(anonymous_6)
FNDA:46,(anonymous_7)
FNDA:3,(anonymous_8)
FNDA:5,(anonymous_9)
FNDA:48,(anonymous_10)
FNDA:33,(anonymous_11)
FNDA:74,(anonymous_12)
FNDA:1,(anonymous_13)
FNDA:2,(anonymous_14)
FNDA:1,(anonymous_15)
FNDA:1,(anonymous_16)
FNDA:1,(anonymous_17)
FNDA:1,(anonymous_18)
DA:9,4
DA:10,65
DA:12,65
DA:19,48
DA:20,22
DA:24,48
DA:25,47
DA:26,47
DA:28,47
DA:34,47
DA:35,47
DA:37,1
DA:38,1
DA:39,1
DA:47,5
DA:48,5
DA:49,9
DA:52,5
DA:53,14
DA:56,5
DA:57,4
DA:59,4
DA:65,4
DA:66,4
DA:69,1
DA:76,5
DA:77,5
DA:79,5
DA:80,5
DA:87,46
DA:94,3
DA:95,5
DA:103,48
DA:110,33
DA:118,74
DA:119,74
DA:120,0
DA:121,0
DA:122,0
DA:124,74
DA:138,1
DA:140,2
DA:152,1
DA:159,1
DA:160,1
DA:164,1
DA:171,1
DA:172,1
DA:174,1
DA:175,1
DA:176,1
DA:177,1
DA:180,1
LF:53
LH:50
BRDA:20,0,0,22
BRDA:20,0,1,1
BRDA:24,1,0,47
BRDA:24,1,1,1
BRDA:49,2,0,9
BRDA:49,2,1,4
BRDA:53,3,0,14
BRDA:53,3,1,4
BRDA:56,4,0,4
BRDA:56,5,0,5
BRDA:56,5,1,4
BRDA:95,6,0,5
BRDA:95,6,1,1
BRDA:119,7,0,0
BRF:14
BRH:13
end_of_record
TN:
SF:src-ts/features/reservation/reservation-executor.ts
FN:25,(anonymous_0)
FN:66,(anonymous_1)
FN:100,(anonymous_2)
FN:167,(anonymous_3)
FN:192,(anonymous_4)
FN:263,(anonymous_5)
FN:292,(anonymous_6)
FN:325,(anonymous_7)
FN:377,(anonymous_8)
FN:445,(anonymous_9)
FN:453,(anonymous_10)
FN:455,(anonymous_11)
FN:467,(anonymous_12)
FN:474,(anonymous_13)
FN:475,(anonymous_14)
FN:481,(anonymous_15)
FN:488,(anonymous_16)
FN:495,(anonymous_17)
FN:502,(anonymous_18)
FN:510,(anonymous_19)
FN:527,(anonymous_20)
FN:539,(anonymous_21)
FNF:22
FNH:19
FNDA:54,(anonymous_0)
FNDA:50,(anonymous_1)
FNDA:11,(anonymous_2)
FNDA:65,(anonymous_3)
FNDA:9,(anonymous_4)
FNDA:9,(anonymous_5)
FNDA:9,(anonymous_6)
FNDA:0,(anonymous_7)
FNDA:0,(anonymous_8)
FNDA:50,(anonymous_9)
FNDA:50,(anonymous_10)
FNDA:0,(anonymous_11)
FNDA:9,(anonymous_12)
FNDA:9,(anonymous_13)
FNDA:9,(anonymous_14)
FNDA:27,(anonymous_15)
FNDA:5,(anonymous_16)
FNDA:54,(anonymous_17)
FNDA:3,(anonymous_18)
FNDA:2,(anonymous_19)
FNDA:2,(anonymous_20)
FNDA:56,(anonymous_21)
DA:16,3
DA:21,54
DA:23,54
DA:30,54
DA:31,54
DA:34,54
DA:53,54
DA:67,50
DA:68,0
DA:69,0
DA:72,50
DA:73,50
DA:76,50
DA:77,50
DA:78,15
DA:81,50
DA:82,50
DA:84,50
DA:88,50
DA:89,50
DA:92,0
DA:93,0
DA:101,11
DA:102,1
DA:105,10
DA:106,1
DA:109,9
DA:112,9
DA:121,9
DA:123,9
DA:128,9
DA:129,9
DA:131,0
DA:133,0
DA:139,0
DA:142,0
DA:143,0
DA:145,0
DA:147,0
DA:149,0
DA:155,0
DA:168,65
DA:169,56
DA:170,56
DA:173,9
DA:175,9
DA:176,9
DA:179,9
DA:180,9
DA:182,9
DA:193,9
DA:195,9
DA:196,9
DA:197,0
DA:204,9
DA:205,9
DA:207,9
DA:214,9
DA:215,9
DA:217,0
DA:218,0
DA:219,0
DA:221,0
DA:222,0
DA:223,0
DA:230,0
DA:231,0
DA:234,0
DA:235,0
DA:236,0
DA:237,0
DA:241,0
DA:242,0
DA:243,0
DA:245,0
DA:246,0
DA:247,0
DA:252,0
DA:265,9
DA:266,9
DA:268,9
DA:269,0
DA:270,0
DA:274,0
DA:275,0
DA:277,0
DA:278,0
DA:279,0
DA:283,0
DA:284,0
DA:286,0
DA:293,9
DA:295,9
DA:296,0
DA:302,9
DA:303,0
DA:310,9
DA:312,0
DA:313,0
DA:315,0
DA:326,0
DA:328,0
DA:329,0
DA:330,0
DA:334,0
DA:335,0
DA:336,0
DA:344,0
DA:345,0
DA:346,0
DA:354,0
DA:355,0
DA:356,0
DA:357,0
DA:365,0
DA:368,0
DA:379,0
DA:380,0
DA:381,0
DA:382,0
DA:385,0
DA:393,0
DA:394,0
DA:395,0
DA:398,0
DA:399,0
DA:400,0
DA:401,0
DA:402,0
DA:405,0
DA:408,0
DA:416,0
DA:417,0
DA:418,0
DA:419,0
DA:421,0
DA:422,0
DA:423,0
DA:426,0
DA:428,0
DA:436,0
DA:446,50
DA:447,50
DA:455,50
DA:456,0
DA:468,9
DA:475,9
DA:482,27
DA:489,5
DA:496,54
DA:503,3
DA:504,3
DA:511,2
DA:512,2
DA:520,2
DA:521,2
DA:528,2
DA:529,2
DA:530,2
DA:531,2
DA:532,2
DA:533,2
DA:540,56
DA:541,56
DA:542,56
DA:543,56
LF:166
LH:76
BRDA:67,0,0,0
BRDA:77,1,0,15
BRDA:101,2,0,1
BRDA:105,3,0,1
BRDA:143,4,0,0
BRDA:143,4,1,0
BRDA:147,5,0,0
BRDA:147,5,1,0
BRDA:150,6,0,0
BRDA:150,6,1,0
BRDA:167,7,0,0
BRDA:168,8,0,56
BRDA:175,9,0,9
BRDA:185,10,0,9
BRDA:185,10,1,0
BRDA:195,11,0,9
BRDA:195,11,1,9
BRDA:196,12,0,0
BRDA:218,13,0,0
BRDA:218,13,1,0
BRDA:221,14,0,0
BRDA:234,15,0,0
BRDA:242,16,0,0
BRDA:242,16,1,0
BRDA:269,17,0,0
BRDA:270,18,0,0
BRDA:270,18,1,0
BRDA:278,19,0,0
BRDA:279,20,0,0
BRDA:279,20,1,0
BRDA:295,21,0,0
BRDA:302,22,0,0
BRDA:329,23,0,0
BRDA:335,24,0,0
BRDA:345,25,0,0
BRDA:356,26,0,0
BRDA:380,27,0,0
BRDA:394,28,0,0
BRDA:399,29,0,0
BRDA:418,30,0,0
BRF:40
BRH:8
end_of_record
TN:
SF:src-ts/features/reservation/reservation-service.ts
FN:20,(anonymous_0)
FN:40,(anonymous_1)
FN:87,(anonymous_2)
FN:115,(anonymous_3)
FN:124,(anonymous_4)
FN:131,(anonymous_5)
FN:138,(anonymous_6)
FN:150,(anonymous_7)
FN:157,(anonymous_8)
FN:159,(anonymous_9)
FN:166,(anonymous_10)
FN:174,(anonymous_11)
FN:181,(anonymous_12)
FN:185,(anonymous_13)
FN:189,(anonymous_14)
FN:194,(anonymous_15)
FN:211,(anonymous_16)
FN:225,(anonymous_17)
FN:236,(anonymous_18)
FN:279,(anonymous_19)
FN:302,(anonymous_20)
FN:329,(anonymous_21)
FN:344,(anonymous_22)
FNF:23
FNH:19
FNDA:34,(anonymous_0)
FNDA:33,(anonymous_1)
FNDA:5,(anonymous_2)
FNDA:3,(anonymous_3)
FNDA:8,(anonymous_4)
FNDA:0,(anonymous_5)
FNDA:1,(anonymous_6)
FNDA:2,(anonymous_7)
FNDA:33,(anonymous_8)
FNDA:5,(anonymous_9)
FNDA:0,(anonymous_10)
FNDA:5,(anonymous_11)
FNDA:5,(anonymous_12)
FNDA:0,(anonymous_13)
FNDA:5,(anonymous_14)
FNDA:1,(anonymous_15)
FNDA:18,(anonymous_16)
FNDA:0,(anonymous_17)
FNDA:33,(anonymous_18)
FNDA:1,(anonymous_19)
FNDA:3,(anonymous_20)
FNDA:1,(anonymous_21)
FNDA:36,(anonymous_22)
DA:8,2
DA:9,2
DA:12,2
DA:18,34
DA:26,34
DA:27,34
DA:28,34
DA:31,34
DA:34,34
DA:41,33
DA:42,0
DA:43,0
DA:46,33
DA:47,33
DA:50,33
DA:51,33
DA:52,0
DA:53,0
DA:57,33
DA:58,33
DA:59,0
DA:60,0
DA:64,33
DA:67,33
DA:69,33
DA:71,33
DA:75,33
DA:76,33
DA:79,0
DA:80,0
DA:88,5
DA:89,0
DA:92,5
DA:95,5
DA:97,5
DA:98,5
DA:101,0
DA:103,0
DA:106,0
DA:107,0
DA:108,0
DA:116,3
DA:117,3
DA:118,3
DA:125,8
DA:132,0
DA:139,1
DA:142,1
DA:144,1
DA:151,2
DA:159,33
DA:160,5
DA:166,33
DA:167,0
DA:174,33
DA:175,5
DA:181,33
DA:182,5
DA:185,33
DA:186,0
DA:189,33
DA:190,5
DA:194,33
DA:195,1
DA:198,1
DA:204,1
DA:212,18
DA:214,18
DA:226,0
DA:237,33
DA:239,33
DA:240,33
DA:241,1
DA:242,1
DA:246,33
DA:247,33
DA:248,1
DA:251,1
DA:252,1
DA:255,1
DA:256,1
DA:263,33
DA:264,33
DA:265,0
DA:266,0
DA:267,0
DA:272,0
DA:280,1
DA:281,1
DA:282,1
DA:283,1
DA:285,1
DA:286,1
DA:288,1
DA:289,1
DA:290,1
DA:291,1
DA:292,1
DA:293,1
DA:294,1
DA:296,1
DA:313,3
DA:330,1
DA:333,1
DA:336,1
DA:338,1
DA:345,36
DA:348,36
DA:349,1
DA:353,36
DA:354,36
DA:356,36
DA:358,36
DA:362,36
LF:114
LH:92
BRDA:41,0,0,0
BRDA:51,1,0,0
BRDA:58,2,0,0
BRDA:88,3,0,0
BRDA:115,4,0,0
BRDA:240,5,0,1
BRDA:247,6,0,1
BRDA:251,7,0,1
BRDA:255,8,0,1
BRDA:264,9,0,0
BRDA:266,10,0,0
BRDA:348,11,0,1
BRF:12
BRH:5
end_of_record
TN:
SF:src-ts/features/reservation/reservation-ui.ts
FN:18,(anonymous_0)
FN:26,(anonymous_1)
FN:57,(anonymous_2)
FN:168,(anonymous_3)
FN:170,(anonymous_4)
FN:174,(anonymous_5)
FN:179,(anonymous_6)
FN:183,(anonymous_7)
FN:187,(anonymous_8)
FN:191,(anonymous_9)
FN:196,(anonymous_10)
FN:201,(anonymous_11)
FN:207,(anonymous_12)
FN:217,(anonymous_13)
FN:237,(anonymous_14)
FN:260,(anonymous_15)
FN:273,(anonymous_16)
FN:289,(anonymous_17)
FN:326,(anonymous_18)
FN:334,(anonymous_19)
FN:345,(anonymous_20)
FN:357,(anonymous_21)
FN:368,(anonymous_22)
FN:369,(anonymous_23)
FN:388,(anonymous_24)
FN:405,(anonymous_25)
FN:414,(anonymous_26)
FNF:27
FNH:18
FNDA:34,(anonymous_0)
FNDA:33,(anonymous_1)
FNDA:33,(anonymous_2)
FNDA:33,(anonymous_3)
FNDA:0,(anonymous_4)
FNDA:0,(anonymous_5)
FNDA:5,(anonymous_6)
FNDA:0,(anonymous_7)
FNDA:5,(anonymous_8)
FNDA:1,(anonymous_9)
FNDA:1,(anonymous_10)
FNDA:0,(anonymous_11)
FNDA:0,(anonymous_12)
FNDA:33,(anonymous_13)
FNDA:0,(anonymous_14)
FNDA:0,(anonymous_15)
FNDA:5,(anonymous_16)
FNDA:0,(anonymous_17)
FNDA:5,(anonymous_18)
FNDA:1,(anonymous_19)
FNDA:6,(anonymous_20)
FNDA:12,(anonymous_21)
FNDA:5,(anonymous_22)
FNDA:0,(anonymous_23)
FNDA:36,(anonymous_24)
FNDA:2,(anonymous_25)
FNDA:1,(anonymous_26)
DA:9,2
DA:12,34
DA:13,34
DA:14,34
DA:15,34
DA:16,34
DA:19,34
DA:20,34
DA:27,33
DA:28,0
DA:29,0
DA:32,33
DA:33,33
DA:36,33
DA:39,33
DA:42,33
DA:44,33
DA:45,33
DA:46,33
DA:49,0
DA:50,0
DA:59,33
DA:60,33
DA:61,33
DA:73,33
DA:74,33
DA:75,33
DA:83,33
DA:84,33
DA:85,33
DA:93,33
DA:94,33
DA:95,33
DA:96,33
DA:110,33
DA:111,33
DA:112,33
DA:113,33
DA:128,33
DA:129,33
DA:130,33
DA:138,33
DA:141,33
DA:142,33
DA:148,33
DA:156,33
DA:157,33
DA:159,33
DA:160,33
DA:161,33
DA:162,33
DA:170,33
DA:171,0
DA:174,33
DA:175,0
DA:179,33
DA:180,5
DA:183,33
DA:184,0
DA:187,33
DA:188,5
DA:191,33
DA:192,1
DA:196,33
DA:197,1
DA:201,33
DA:202,0
DA:203,0
DA:207,33
DA:208,0
DA:209,0
DA:219,33
DA:220,33
DA:222,33
DA:223,19
DA:224,19
DA:227,14
DA:228,14
DA:229,14
DA:238,0
DA:239,0
DA:240,0
DA:243,0
DA:244,0
DA:246,0
DA:251,0
DA:252,0
DA:253,0
DA:261,0
DA:262,0
DA:263,0
DA:266,0
DA:267,0
DA:274,5
DA:275,5
DA:277,5
DA:278,5
DA:280,5
DA:283,5
DA:290,0
DA:292,0
DA:293,0
DA:294,0
DA:296,0
DA:298,0
DA:302,0
DA:304,0
DA:308,0
DA:310,0
DA:314,0
DA:316,0
DA:327,5
DA:328,5
DA:335,1
DA:336,1
DA:346,6
DA:347,6
DA:349,6
DA:350,6
DA:358,12
DA:359,12
DA:360,12
DA:361,12
DA:369,5
DA:370,0
DA:371,0
DA:372,0
DA:375,0
DA:376,0
DA:378,0
DA:389,36
DA:390,33
DA:391,33
DA:394,36
DA:395,36
DA:396,36
DA:397,36
DA:399,36
DA:406,2
DA:407,2
DA:415,1
LF:141
LH:98
BRDA:27,0,0,0
BRDA:202,1,0,0
BRDA:202,2,0,0
BRDA:202,2,1,0
BRDA:208,3,0,0
BRDA:208,4,0,0
BRDA:208,4,1,0
BRDA:222,5,0,19
BRDA:222,5,1,14
BRDA:222,6,0,33
BRDA:222,6,1,19
BRDA:227,7,0,14
BRDA:238,8,0,0
BRDA:261,9,0,0
BRDA:274,10,0,5
BRDA:277,11,0,5
BRDA:296,12,0,0
BRDA:296,12,1,0
BRDA:296,12,2,0
BRDA:296,12,3,0
BRDA:346,13,0,6
BRDA:349,14,0,6
BRDA:358,15,0,12
BRDA:370,16,0,0
BRDA:376,17,0,0
BRDA:376,17,1,0
BRDA:389,18,0,33
BRDA:406,19,0,2
BRDA:407,20,0,1
BRDA:407,20,1,1
BRF:30
BRH:14
end_of_record
TN:
SF:src-ts/utils/common.ts
FN:10,getRandomWaitTime
FN:23,waitForElement
FN:28,(anonymous_2)
FN:31,(anonymous_3)
FN:54,waitForAnyElement
FN:60,(anonymous_5)
FN:63,(anonymous_6)
FN:101,clickElement
FN:114,(anonymous_8)
FN:120,randomDelay
FN:125,(anonymous_10)
FN:131,sleep
FN:132,(anonymous_12)
FN:138,pollForElement
FN:157,waitUntil
FN:175,executeSequentially
FN:196,withRetry
FN:222,withTimeout
FN:229,(anonymous_18)
FN:230,(anonymous_19)
FN:240,waitForDomReady
FN:245,(anonymous_21)
FN:247,(anonymous_22)
FN:257,waitForPageLoad
FN:262,(anonymous_24)
FN:263,(anonymous_25)
FN:270,getTextContent
FN:277,getAttribute
FN:284,formatCurrentTime
FN:295,getElapsedMinutes
FN:302,formatElapsedTime
FN:316,getUrlParameter
FN:325,(anonymous_32)
FN:334,(anonymous_33)
FN:344,(anonymous_34)
FN:354,(anonymous_35)
FN:366,(anonymous_36)
FN:380,debounce
FN:386,(anonymous_38)
FN:388,(anonymous_39)
FN:395,throttle
FN:401,(anonymous_41)
FN:405,(anonymous_42)
FN:413,safeExecute
FN:431,shuffleArray
FN:443,randomInt
FN:450,randomChance
FNF:47
FNH:41
FNDA:139,getRandomWaitTime
FNDA:2,waitForElement
FNDA:2,(anonymous_2)
FNDA:19,(anonymous_3)
FNDA:2,waitForAnyElement
FNDA:2,(anonymous_5)
FNDA:19,(anonymous_6)
FNDA:2,clickElement
FNDA:2,(anonymous_8)
FNDA:1,randomDelay
FNDA:1,(anonymous_10)
FNDA:3,sleep
FNDA:3,(anonymous_12)
FNDA:0,pollForElement
FNDA:1,waitUntil
FNDA:2,executeSequentially
FNDA:0,withRetry
FNDA:2,withTimeout
FNDA:2,(anonymous_18)
FNDA:2,(anonymous_19)
FNDA:1,waitForDomReady
FNDA:0,(anonymous_21)
FNDA:0,(anonymous_22)
FNDA:1,waitForPageLoad
FNDA:0,(anonymous_24)
FNDA:0,(anonymous_25)
FNDA:3,getTextContent
FNDA:3,getAttribute
FNDA:1,formatCurrentTime
FNDA:3,getElapsedMinutes
FNDA:2,formatElapsedTime
FNDA:3,getUrlParameter
FNDA:6,(anonymous_32)
FNDA:3,(anonymous_33)
FNDA:1,(anonymous_34)
FNDA:3,(anonymous_35)
FNDA:1,(anonymous_36)
FNDA:1,debounce
FNDA:3,(anonymous_38)
FNDA:1,(anonymous_39)
FNDA:1,throttle
FNDA:4,(anonymous_41)
FNDA:1,(anonymous_42)
FNDA:3,safeExecute
FNDA:1,shuffleArray
FNDA:100,randomInt
FNDA:4,randomChance
DA:10,3
DA:15,139
DA:16,139
DA:17,139
DA:23,3
DA:28,2
DA:29,2
DA:31,2
DA:32,19
DA:33,19
DA:34,1
DA:35,18
DA:36,1
DA:38,17
DA:43,17
DA:47,2
DA:54,3
DA:60,2
DA:61,2
DA:63,2
DA:64,19
DA:65,38
DA:67,38
DA:68,2
DA:69,2
DA:70,1
DA:71,1
DA:74,0
DA:75,0
DA:76,0
DA:82,18
DA:83,0
DA:85,18
DA:90,18
DA:94,2
DA:101,3
DA:102,2
DA:103,2
DA:105,0
DA:108,2
DA:114,2
DA:120,3
DA:124,1
DA:125,1
DA:131,3
DA:132,3
DA:138,3
DA:143,0
DA:144,0
DA:145,0
DA:147,0
DA:148,0
DA:151,0
DA:157,3
DA:162,1
DA:164,1
DA:165,1
DA:166,1
DA:169,1
DA:175,3
DA:178,2
DA:180,2
DA:181,5
DA:182,5
DA:183,4
DA:185,1
DA:186,1
DA:190,1
DA:196,3
DA:203,0
DA:204,0
DA:205,0
DA:207,0
DA:208,0
DA:210,0
DA:211,0
DA:216,0
DA:222,3
DA:227,2
DA:230,2
DA:231,2
DA:240,3
DA:241,1
DA:242,1
DA:245,0
DA:246,0
DA:247,0
DA:249,0
DA:257,3
DA:258,1
DA:259,1
DA:262,0
DA:263,0
DA:270,3
DA:271,3
DA:277,3
DA:278,3
DA:284,3
DA:285,1
DA:295,3
DA:296,3
DA:302,3
DA:303,2
DA:304,2
DA:305,1
DA:308,1
DA:309,1
DA:310,1
DA:316,3
DA:317,3
DA:318,3
DA:324,3
DA:326,6
DA:327,6
DA:329,0
DA:330,0
DA:335,3
DA:336,3
DA:337,3
DA:339,0
DA:340,0
DA:345,1
DA:346,1
DA:347,1
DA:349,0
DA:350,0
DA:355,3
DA:356,3
DA:358,2
DA:359,2
DA:361,1
DA:362,1
DA:367,1
DA:368,1
DA:369,1
DA:371,0
DA:372,0
DA:380,3
DA:386,1
DA:387,3
DA:388,3
DA:395,3
DA:401,1
DA:402,4
DA:403,2
DA:404,2
DA:405,2
DA:413,3
DA:418,3
DA:419,3
DA:421,1
DA:422,0
DA:424,1
DA:431,3
DA:432,1
DA:433,1
DA:434,4
DA:435,4
DA:437,1
DA:443,3
DA:444,100
DA:450,3
DA:451,4
DA:454,3
LF:164
LH:130
BRDA:15,0,0,138
BRDA:15,0,1,1
BRDA:15,1,0,1
BRDA:15,1,1,0
BRDA:16,2,0,138
BRDA:16,2,1,1
BRDA:16,3,0,1
BRDA:16,3,1,0
BRDA:25,4,0,0
BRDA:33,5,0,1
BRDA:33,5,1,18
BRDA:35,6,0,1
BRDA:35,6,1,17
BRDA:39,7,0,17
BRDA:39,7,1,17
BRDA:40,8,0,17
BRDA:40,8,1,17
BRDA:56,9,0,0
BRDA:57,10,0,1
BRDA:68,11,0,2
BRDA:68,11,1,0
BRDA:69,12,0,1
BRDA:69,13,0,2
BRDA:69,13,1,2
BRDA:74,14,0,0
BRDA:82,15,0,0
BRDA:82,15,1,18
BRDA:86,16,0,18
BRDA:86,16,1,18
BRDA:87,17,0,18
BRDA:87,17,1,18
BRDA:102,18,0,2
BRDA:102,18,1,0
BRDA:109,19,0,2
BRDA:109,19,1,1
BRDA:110,20,0,2
BRDA:110,20,1,1
BRDA:121,21,0,0
BRDA:122,22,0,0
BRDA:140,23,0,0
BRDA:141,24,0,0
BRDA:145,25,0,0
BRDA:147,26,0,0
BRDA:159,27,0,0
BRDA:160,28,0,0
BRDA:165,29,0,0
BRDA:198,30,0,0
BRDA:199,31,0,0
BRDA:210,32,0,0
BRDA:231,33,0,2
BRDA:231,33,1,1
BRDA:241,34,0,1
BRDA:246,35,0,0
BRDA:246,35,1,0
BRDA:258,36,0,1
BRDA:271,37,0,3
BRDA:271,37,1,2
BRDA:278,38,0,3
BRDA:278,38,1,2
BRDA:304,39,0,1
BRDA:356,40,0,1
BRDA:402,41,0,2
BRDA:421,42,0,0
BRF:63
BRH:40
end_of_record
TN:
SF:src-ts/utils/dom-utils.ts
FN:8,waitForElement
FN:12,(anonymous_1)
FN:19,(anonymous_2)
FN:28,(anonymous_3)
FN:43,waitForAnyElement
FN:47,(anonymous_5)
FN:57,(anonymous_6)
FN:69,(anonymous_7)
FN:84,clickElement
FN:96,(anonymous_9)
FN:102,(anonymous_10)
FN:108,generateUniqueSelector
FN:121,(anonymous_12)
FN:162,injectStyles
FN:184,isElementVisible
FN:199,getTextContent
FN:206,safeQuerySelector
FN:221,safeQuerySelectorAll
FNF:18
FNH:0
FNDA:0,waitForElement
FNDA:0,(anonymous_1)
FNDA:0,(anonymous_2)
FNDA:0,(anonymous_3)
FNDA:0,waitForAnyElement
FNDA:0,(anonymous_5)
FNDA:0,(anonymous_6)
FNDA:0,(anonymous_7)
FNDA:0,clickElement
FNDA:0,(anonymous_9)
FNDA:0,(anonymous_10)
FNDA:0,generateUniqueSelector
FNDA:0,(anonymous_12)
FNDA:0,injectStyles
FNDA:0,isElementVisible
FNDA:0,getTextContent
FNDA:0,safeQuerySelector
FNDA:0,safeQuerySelectorAll
DA:8,0
DA:12,0
DA:13,0
DA:14,0
DA:15,0
DA:16,0
DA:19,0
DA:20,0
DA:21,0
DA:22,0
DA:23,0
DA:24,0
DA:28,0
DA:29,0
DA:30,0
DA:33,0
DA:43,0
DA:47,0
DA:49,0
DA:50,0
DA:51,0
DA:52,0
DA:53,0
DA:57,0
DA:58,0
DA:59,0
DA:60,0
DA:61,0
DA:62,0
DA:63,0
DA:64,0
DA:69,0
DA:70,0
DA:71,0
DA:74,0
DA:84,0
DA:92,0
DA:95,0
DA:96,0
DA:99,0
DA:102,0
DA:108,0
DA:109,0
DA:110,0
DA:113,0
DA:114,0
DA:116,0
DA:117,0
DA:119,0
DA:120,0
DA:121,0
DA:124,0
DA:125,0
DA:130,0
DA:131,0
DA:132,0
DA:133,0
DA:134,0
DA:135,0
DA:137,0
DA:143,0
DA:144,0
DA:145,0
DA:146,0
DA:147,0
DA:148,0
DA:152,0
DA:153,0
DA:156,0
DA:162,0
DA:164,0
DA:165,0
DA:166,0
DA:167,0
DA:168,0
DA:172,0
DA:173,0
DA:174,0
DA:175,0
DA:178,0
DA:184,0
DA:185,0
DA:186,0
DA:199,0
DA:200,0
DA:206,0
DA:210,0
DA:211,0
DA:213,0
DA:214,0
DA:221,0
DA:225,0
DA:226,0
DA:228,0
DA:229,0
LF:95
LH:0
BRDA:10,0,0,0
BRDA:14,1,0,0
BRDA:21,2,0,0
BRDA:45,3,0,0
BRDA:51,4,0,0
BRDA:60,5,0,0
BRDA:86,6,0,0
BRDA:92,7,0,0
BRDA:92,8,0,0
BRDA:109,9,0,0
BRDA:116,10,0,0
BRDA:116,10,1,0
BRDA:119,11,0,0
BRDA:124,12,0,0
BRDA:132,13,0,0
BRDA:134,14,0,0
BRDA:134,14,1,0
BRDA:144,15,0,0
BRDA:147,16,0,0
BRDA:147,17,0,0
BRDA:147,17,1,0
BRDA:164,18,0,0
BRDA:166,19,0,0
BRDA:174,20,0,0
BRDA:187,21,0,0
BRDA:187,21,1,0
BRDA:187,21,2,0
BRDA:187,21,3,0
BRDA:187,21,4,0
BRDA:187,21,5,0
BRDA:200,22,0,0
BRDA:200,22,1,0
BRDA:208,23,0,0
BRDA:223,24,0,0
BRF:34
BRH:0
end_of_record
TN:
SF:src-ts/utils/selectors.ts
FN:142,getSelectorDefinitions
FN:171,hasPartialClass
FN:172,(anonymous_2)
FN:180,queryAny
FN:191,queryAllAny
FN:204,generateUniqueTdSelector
FN:215,getTdPositionInfo
FN:226,findSameTdElement
FN:264,validateSelector
FN:277,isElementVisible
FN:287,isElementClickable
FNF:11
FNH:11
FNDA:3,getSelectorDefinitions
FNDA:8,hasPartialClass
FNDA:10,(anonymous_2)
FNDA:5,queryAny
FNDA:3,queryAllAny
FNDA:5,generateUniqueTdSelector
FNDA:1,getTdPositionInfo
FNDA:6,findSameTdElement
FNDA:8,validateSelector
FNDA:12,isElementVisible
FNDA:5,isElementClickable
DA:6,5
DA:32,5
DA:64,5
DA:85,5
DA:107,5
DA:127,5
DA:142,5
DA:143,3
DA:148,3
DA:150,1
DA:158,1
DA:164,1
DA:171,5
DA:172,8
DA:173,10
DA:180,5
DA:181,5
DA:182,6
DA:183,6
DA:185,3
DA:191,5
DA:192,3
DA:193,3
DA:194,7
DA:195,7
DA:198,3
DA:204,5
DA:205,5
DA:206,5
DA:207,5
DA:209,5
DA:215,5
DA:216,1
DA:217,1
DA:218,1
DA:220,1
DA:226,5
DA:233,6
DA:234,5
DA:235,5
DA:236,4
DA:241,2
DA:244,2
DA:245,2
DA:246,2
DA:247,2
DA:248,2
DA:249,1
DA:250,1
DA:251,1
DA:252,1
DA:258,1
DA:264,5
DA:265,8
DA:266,8
DA:267,4
DA:269,4
DA:270,4
DA:277,5
DA:278,12
DA:279,12
DA:287,5
DA:288,5
DA:290,3
DA:291,3
DA:295,5
LF:66
LH:66
BRDA:148,0,0,1
BRDA:148,0,1,1
BRDA:148,0,2,1
BRDA:180,1,0,3
BRDA:183,2,0,2
BRDA:191,3,0,3
BRDA:233,4,0,5
BRDA:235,5,0,4
BRDA:241,6,0,2
BRDA:241,7,0,2
BRDA:241,7,1,2
BRDA:241,7,2,2
BRDA:245,8,0,2
BRDA:248,9,0,1
BRDA:251,10,0,1
BRDA:279,11,0,12
BRDA:279,11,1,8
BRDA:279,11,2,7
BRDA:288,12,0,2
BRDA:291,13,0,3
BRDA:291,13,1,2
BRF:21
BRH:21
end_of_record
